Using pre-set license
Built from '6000.1/staging' branch; Version is '6000.1.13f1 (418bd0acaa6b) revision 4295632'; Using compiler version '194234433'; Build Type 'Release'
OS: 'Windows 11  (10.0.26100) 64bit Professional' Language: 'es' Physical Memory: 31907 MB
BatchMode: 1, IsHumanControllingUs: 0, StartBugReporterOnCrash: 0, Is64bit: 1, IsPro: 1
Date: 2025-10-15T20:52:07Z

COMMAND LINE ARGUMENTS:
C:\Program Files\Unity\Hub\Editor\6000.1.13f1\Editor\Unity.exe
-adb2
-batchMode
-noUpm
-name
AssetImportWorker0
-projectPath
C:/Users/ALUMNOS/Desktop/trabajo-graficos
-logFile
Logs/AssetImportWorker0.log
-srvPort
50603
-job-worker-count
7
-background-job-worker-count
8
-gc-helper-count
1
-name
AssetImport
Successfully changed project path to: C:/Users/ALUMNOS/Desktop/trabajo-graficos
C:/Users/ALUMNOS/Desktop/trabajo-graficos
[UnityMemory] Configuration Parameters - Can be set up in boot.config
    "memorysetup-allocator-temp-initial-block-size-main=262144"
    "memorysetup-allocator-temp-initial-block-size-worker=262144"
    "memorysetup-bucket-allocator-granularity=16"
    "memorysetup-bucket-allocator-bucket-count=8"
    "memorysetup-bucket-allocator-block-size=33554432"
    "memorysetup-bucket-allocator-block-count=8"
    "memorysetup-main-allocator-block-size=16777216"
    "memorysetup-thread-allocator-block-size=16777216"
    "memorysetup-gfx-main-allocator-block-size=16777216"
    "memorysetup-gfx-thread-allocator-block-size=16777216"
    "memorysetup-cache-allocator-block-size=4194304"
    "memorysetup-typetree-allocator-block-size=2097152"
    "memorysetup-profiler-bucket-allocator-granularity=16"
    "memorysetup-profiler-bucket-allocator-bucket-count=8"
    "memorysetup-profiler-bucket-allocator-block-size=33554432"
    "memorysetup-profiler-bucket-allocator-block-count=8"
    "memorysetup-profiler-allocator-block-size=16777216"
    "memorysetup-profiler-editor-allocator-block-size=1048576"
    "memorysetup-temp-allocator-size-main=16777216"
    "memorysetup-job-temp-allocator-block-size=2097152"
    "memorysetup-job-temp-allocator-block-size-background=1048576"
    "memorysetup-job-temp-allocator-reduction-small-platforms=262144"
    "memorysetup-temp-allocator-size-background-worker=32768"
    "memorysetup-temp-allocator-size-job-worker=262144"
    "memorysetup-temp-allocator-size-preload-manager=33554432"
    "memorysetup-temp-allocator-size-nav-mesh-worker=65536"
    "memorysetup-temp-allocator-size-audio-worker=65536"
    "memorysetup-temp-allocator-size-cloud-worker=32768"
    "memorysetup-temp-allocator-size-gi-baking-worker=262144"
    "memorysetup-temp-allocator-size-gi-baking-worker=262144"
    "memorysetup-temp-allocator-size-gi-baking-worker=262144"
    "memorysetup-temp-allocator-size-gi-baking-worker=262144"
    "memorysetup-temp-allocator-size-gi-baking-worker=262144"
    "memorysetup-temp-allocator-size-gfx=262144"
Player connection [19052]  Target information:

Player connection [19052]  * "[IP] 192.168.56.1 [Port] 0 [Flags] 2 [Guid] 1907364221 [EditorId] 1907364221 [Version] 1048832 [Id] WindowsEditor(7,DESKTOP-MMGDRPN) [Debug] 1 [PackageName] WindowsEditor [ProjectName] Editor" 

Player connection [19052]  * "[IP] 192.168.4.216 [Port] 0 [Flags] 2 [Guid] 1907364221 [EditorId] 1907364221 [Version] 1048832 [Id] WindowsEditor(7,DESKTOP-MMGDRPN) [Debug] 1 [PackageName] WindowsEditor [ProjectName] Editor" 

Player connection [19052] Host joined multi-casting on [225.0.0.222:54997]...
Player connection [19052] Host joined alternative multi-casting on [225.0.0.222:34997]...
JobSystem: Creating JobQueue using job-worker-count value 7
Input System module state changed to: Initialized.
[Physics::Module] Initialized fallback backend.
[Physics::Module] Id: 0xdecafbad
Library Redirect Path: Library/
[Physics::Module] Selected backend.
[Physics::Module] Name: PhysX
[Physics::Module] Id: 0xf2b8ea05
[Physics::Module] SDK Version: 4.1.2
[Physics::Module] Integration Version: 1.0.0
[Physics::Module] Threading Mode: Multi-Threaded
Refreshing native plugins compatible for Editor in 0.00 ms, found 0 plugins.
Preloading 0 native plugins for Editor in 0.00 ms.
Initialize engine version: 6000.1.13f1 (418bd0acaa6b)
[Subsystems] Discovering subsystems at path C:/Program Files/Unity/Hub/Editor/6000.1.13f1/Editor/Data/Resources/UnitySubsystems
[Subsystems] Discovering subsystems at path C:/Users/ALUMNOS/Desktop/trabajo-graficos/Assets
GfxDevice: creating device client; kGfxThreadingModeNonThreaded
Direct3D:
    Version:         Direct3D 12 [level 12.1]
    Renderer:        NVIDIA GeForce RTX 4080 (ID=0x2704)
    Vendor:          NVIDIA
    VRAM:            16050 MB
    App VRAM Budget: 15282 MB
    Driver:          32.0.15.7700
Initialize mono
Mono path[0] = 'C:/Program Files/Unity/Hub/Editor/6000.1.13f1/Editor/Data/Managed'
Mono path[1] = 'C:/Program Files/Unity/Hub/Editor/6000.1.13f1/Editor/Data/MonoBleedingEdge/lib/mono/unityjit-win32'
Mono config path = 'C:/Program Files/Unity/Hub/Editor/6000.1.13f1/Editor/Data/MonoBleedingEdge/etc'
Using monoOptions --debugger-agent=transport=dt_socket,embedding=1,server=y,suspend=n,address=127.0.0.1:56540
Begin MonoManager ReloadAssembly
Registering precompiled unity dll's ...
Register platform support module: C:/Program Files/Unity/Hub/Editor/6000.1.13f1/Editor/Data/PlaybackEngines/WindowsStandaloneSupport/UnityEditor.WindowsStandalone.Extensions.dll
Register platform support module: C:/Program Files/Unity/Hub/Editor/6000.1.13f1/Editor/Data/PlaybackEngines/AndroidPlayer/UnityEditor.Android.Extensions.dll
Registered in 0.001564 seconds.
- Loaded All Assemblies, in  0.240 seconds
Native extension for Android target not found
Android Extension - Scanning For ADB Devices 166 ms
Native extension for WindowsStandalone target not found
Mono: successfully reloaded assembly
- Finished resetting the current domain, in  0.382 seconds
Domain Reload Profiling: 622ms
	BeginReloadAssembly (76ms)
		ExecutionOrderSort (0ms)
		DisableScriptedObjects (0ms)
		BackupInstance (0ms)
		ReleaseScriptingObjects (0ms)
		CreateAndSetChildDomain (0ms)
	RebuildCommonClasses (22ms)
	RebuildNativeTypeToScriptingClass (7ms)
	initialDomainReloadingComplete (28ms)
	LoadAllAssembliesAndSetupDomain (106ms)
		LoadAssemblies (75ms)
		RebuildTransferFunctionScriptingTraits (0ms)
		AnalyzeDomain (104ms)
			TypeCache.Refresh (103ms)
				TypeCache.ScanAssembly (94ms)
			BuildScriptInfoCaches (0ms)
			ResolveRequiredComponents (0ms)
	FinalizeReload (383ms)
		ReleaseScriptCaches (0ms)
		RebuildScriptCaches (0ms)
		SetupLoadedEditorAssemblies (361ms)
			LogAssemblyErrors (0ms)
			InitializePlatformSupportModulesInManaged (225ms)
			SetLoadedEditorAssemblies (2ms)
			BeforeProcessingInitializeOnLoad (34ms)
			ProcessInitializeOnLoadAttributes (67ms)
			ProcessInitializeOnLoadMethodAttributes (32ms)
			AfterProcessingInitializeOnLoad (0ms)
			EditorAssembliesLoaded (0ms)
		ExecutionOrderSort2 (0ms)
		AwakeInstancesAfterBackupRestoration (0ms)
========================================================================
Worker process is ready to serve import requests
Import Worker Mode flag is 0x00
Begin MonoManager ReloadAssembly
- Loaded All Assemblies, in  0.176 seconds
Refreshing native plugins compatible for Editor in 0.00 ms, found 0 plugins.
Native extension for Android target not found
Native extension for WindowsStandalone target not found
Mono: successfully reloaded assembly
- Finished resetting the current domain, in  0.211 seconds
Domain Reload Profiling: 386ms
	BeginReloadAssembly (113ms)
		ExecutionOrderSort (0ms)
		DisableScriptedObjects (3ms)
		BackupInstance (0ms)
		ReleaseScriptingObjects (0ms)
		CreateAndSetChildDomain (25ms)
	RebuildCommonClasses (24ms)
	RebuildNativeTypeToScriptingClass (8ms)
	initialDomainReloadingComplete (12ms)
	LoadAllAssembliesAndSetupDomain (17ms)
		LoadAssemblies (64ms)
		RebuildTransferFunctionScriptingTraits (0ms)
		AnalyzeDomain (13ms)
			TypeCache.Refresh (11ms)
				TypeCache.ScanAssembly (6ms)
			BuildScriptInfoCaches (1ms)
			ResolveRequiredComponents (0ms)
	FinalizeReload (212ms)
		ReleaseScriptCaches (0ms)
		RebuildScriptCaches (0ms)
		SetupLoadedEditorAssemblies (147ms)
			LogAssemblyErrors (0ms)
			InitializePlatformSupportModulesInManaged (7ms)
			SetLoadedEditorAssemblies (3ms)
			BeforeProcessingInitializeOnLoad (42ms)
			ProcessInitializeOnLoadAttributes (76ms)
			ProcessInitializeOnLoadMethodAttributes (16ms)
			AfterProcessingInitializeOnLoad (3ms)
			EditorAssembliesLoaded (0ms)
		ExecutionOrderSort2 (0ms)
		AwakeInstancesAfterBackupRestoration (4ms)
Launched and connected shader compiler UnityShaderCompiler.exe after 0.01 seconds
Refreshing native plugins compatible for Editor in 0.00 ms, found 0 plugins.
Preloading 0 native plugins for Editor in 0.00 ms.
Unloading 0 Unused Serialized files (Serialized files now loaded: 0)
Unloading 64 unused Assets / (25.2 KB). Loaded Objects now: 567.
Memory consumption went from 54.5 MB to 54.4 MB.
Total: 2.987200 ms (FindLiveObjects: 0.037600 ms CreateObjectMapping: 0.003800 ms MarkObjects: 2.886800 ms  DeleteObjects: 0.058700 ms)

========================================================================
Received Import Request.
  Time since last request: 1312775.556095 seconds.
  path: Assets
  artifactKey: Guid(00000000000000001000000000000000) Importer(815301076,1909f56bfc062723c751e8b465ee728b)
Start importing Assets using Guid(00000000000000001000000000000000) Importer(815301076,1909f56bfc062723c751e8b465ee728b) (PreviewImporter) -> (artifact id: 'c391582d739b6e62a5220f35cbb167ac') in 0.0040835 seconds
Number of updated asset objects reloaded before import = 0Number of asset objects unloaded after import = 0

========================================================================
Received Prepare
Refreshing native plugins compatible for Editor in 0.00 ms, found 0 plugins.
Preloading 0 native plugins for Editor in 0.00 ms.
Unloading 0 Unused Serialized files (Serialized files now loaded: 0)
Unloading 63 unused Assets / (1.0 KB). Loaded Objects now: 570.
Memory consumption went from 55.2 MB to 55.2 MB.
Total: 2.563600 ms (FindLiveObjects: 0.031300 ms CreateObjectMapping: 0.003500 ms MarkObjects: 2.504400 ms  DeleteObjects: 0.023800 ms)

Prepare: number of updated asset objects reloaded= 0
========================================================================
Received Import Request.
  Time since last request: 8.557963 seconds.
  path: Assets/Code.cs
  artifactKey: Guid(19a5fe7bb1b491f4d9932e1bdc9d0a19) Importer(815301076,1909f56bfc062723c751e8b465ee728b)
Start importing Assets/Code.cs using Guid(19a5fe7bb1b491f4d9932e1bdc9d0a19) Importer(815301076,1909f56bfc062723c751e8b465ee728b) (PreviewImporter) -> (artifact id: '28f36f2ade1c2c9f21086e2b1a4900d9') in 0.0004293 seconds
Number of updated asset objects reloaded before import = 0Number of asset objects unloaded after import = 0

========================================================================
Received Prepare
Begin MonoManager ReloadAssembly
- Loaded All Assemblies, in  0.167 seconds
Refreshing native plugins compatible for Editor in 0.00 ms, found 0 plugins.
Native extension for Android target not found
Native extension for WindowsStandalone target not found
Mono: successfully reloaded assembly
- Finished resetting the current domain, in  0.201 seconds
Domain Reload Profiling: 367ms
	BeginReloadAssembly (113ms)
		ExecutionOrderSort (0ms)
		DisableScriptedObjects (4ms)
		BackupInstance (0ms)
		ReleaseScriptingObjects (0ms)
		CreateAndSetChildDomain (21ms)
	RebuildCommonClasses (23ms)
	RebuildNativeTypeToScriptingClass (8ms)
	initialDomainReloadingComplete (13ms)
	LoadAllAssembliesAndSetupDomain (10ms)
		LoadAssemblies (64ms)
		RebuildTransferFunctionScriptingTraits (0ms)
		AnalyzeDomain (6ms)
			TypeCache.Refresh (3ms)
				TypeCache.ScanAssembly (0ms)
			BuildScriptInfoCaches (2ms)
			ResolveRequiredComponents (0ms)
	FinalizeReload (201ms)
		ReleaseScriptCaches (0ms)
		RebuildScriptCaches (0ms)
		SetupLoadedEditorAssemblies (140ms)
			LogAssemblyErrors (0ms)
			InitializePlatformSupportModulesInManaged (6ms)
			SetLoadedEditorAssemblies (2ms)
			BeforeProcessingInitializeOnLoad (39ms)
			ProcessInitializeOnLoadAttributes (74ms)
			ProcessInitializeOnLoadMethodAttributes (16ms)
			AfterProcessingInitializeOnLoad (2ms)
			EditorAssembliesLoaded (0ms)
		ExecutionOrderSort2 (0ms)
		AwakeInstancesAfterBackupRestoration (4ms)
Refreshing native plugins compatible for Editor in 0.00 ms, found 0 plugins.
Preloading 0 native plugins for Editor in 0.00 ms.
Unloading 0 Unused Serialized files (Serialized files now loaded: 0)
Unloading 63 unused Assets / (1.0 KB). Loaded Objects now: 570.
Memory consumption went from 54.8 MB to 54.8 MB.
Total: 2.502400 ms (FindLiveObjects: 0.034300 ms CreateObjectMapping: 0.003700 ms MarkObjects: 2.441700 ms  DeleteObjects: 0.022100 ms)

Prepare: number of updated asset objects reloaded= 0
========================================================================
Received Import Request.
  Time since last request: 3.016473 seconds.
  path: Assets/Code.cs
  artifactKey: Guid(19a5fe7bb1b491f4d9932e1bdc9d0a19) Importer(815301076,1909f56bfc062723c751e8b465ee728b)
Start importing Assets/Code.cs using Guid(19a5fe7bb1b491f4d9932e1bdc9d0a19) Importer(815301076,1909f56bfc062723c751e8b465ee728b) (PreviewImporter) -> (artifact id: '3ecece2f3231b8f0b35004202bb3275d') in 0.0009983 seconds
Number of updated asset objects reloaded before import = 0Number of asset objects unloaded after import = 0

========================================================================
Received Import Request.
  Time since last request: 855.328560 seconds.
  path: Assets/art
  artifactKey: Guid(3a243bb10c427fc4d8690547c02d8f60) Importer(815301076,1909f56bfc062723c751e8b465ee728b)
Start importing Assets/art using Guid(3a243bb10c427fc4d8690547c02d8f60) Importer(815301076,1909f56bfc062723c751e8b465ee728b) (PreviewImporter) -> (artifact id: '87b1cc0cb885d89dad04ddace641d127') in 0.0004297 seconds
Number of updated asset objects reloaded before import = 0Number of asset objects unloaded after import = 0

========================================================================
Received Import Request.
  Time since last request: 14.487011 seconds.
  path: Assets/art/color.mat
  artifactKey: Guid(9952f0ad3d96faa45bc98ffb66312197) Importer(815301076,1909f56bfc062723c751e8b465ee728b)
Start importing Assets/art/color.mat using Guid(9952f0ad3d96faa45bc98ffb66312197) Importer(815301076,1909f56bfc062723c751e8b465ee728b) (PreviewImporter) -> (artifact id: '0764d059fb5f9a58ac6964e7a18b1df7') in 0.1746606 seconds
Number of updated asset objects reloaded before import = 0Number of asset objects unloaded after import = 1

========================================================================
Received Import Request.
  Time since last request: 25.798061 seconds.
  path: Assets/art/MAT..mat
  artifactKey: Guid(9952f0ad3d96faa45bc98ffb66312197) Importer(815301076,1909f56bfc062723c751e8b465ee728b)
Start importing Assets/art/MAT..mat using Guid(9952f0ad3d96faa45bc98ffb66312197) Importer(815301076,1909f56bfc062723c751e8b465ee728b) (PreviewImporter) -> (artifact id: '76e233a896946b976a0e69772d0d7c7d') in 0.0139031 seconds
Number of updated asset objects reloaded before import = 0Number of asset objects unloaded after import = 1

========================================================================
Received Import Request.
  Time since last request: 122.566265 seconds.
  path: Assets/art/MAT.PASTO.mat
  artifactKey: Guid(dcb0cf4c5e7bef54b852b0e526dd1433) Importer(815301076,1909f56bfc062723c751e8b465ee728b)
Start importing Assets/art/MAT.PASTO.mat using Guid(dcb0cf4c5e7bef54b852b0e526dd1433) Importer(815301076,1909f56bfc062723c751e8b465ee728b) (PreviewImporter) -> (artifact id: '57c501a2cd693185e3be3b7d29358e90') in 0.0147289 seconds
Number of updated asset objects reloaded before import = 0Number of asset objects unloaded after import = 1

========================================================================
Received Import Request.
  Time since last request: 43.322782 seconds.
  path: Assets/art/mA.mat
  artifactKey: Guid(02332aa8a9b26ed4091b747bc5ea8b8a) Importer(815301076,1909f56bfc062723c751e8b465ee728b)
Start importing Assets/art/mA.mat using Guid(02332aa8a9b26ed4091b747bc5ea8b8a) Importer(815301076,1909f56bfc062723c751e8b465ee728b) (PreviewImporter) -> (artifact id: 'f0100945845639da9c8cd843d72fbd7a') in 0.0135513 seconds
Number of updated asset objects reloaded before import = 0Number of asset objects unloaded after import = 1

========================================================================
Received Import Request.
  Time since last request: 11.621276 seconds.
  path: Assets/art/MAT.woook.mat
  artifactKey: Guid(02332aa8a9b26ed4091b747bc5ea8b8a) Importer(815301076,1909f56bfc062723c751e8b465ee728b)
Start importing Assets/art/MAT.woook.mat using Guid(02332aa8a9b26ed4091b747bc5ea8b8a) Importer(815301076,1909f56bfc062723c751e8b465ee728b) (PreviewImporter) -> (artifact id: '058022d1311aed2c8c12a3caccff890c') in 0.013589 seconds
Number of updated asset objects reloaded before import = 0Number of asset objects unloaded after import = 1

========================================================================
Received Import Request.
  Time since last request: 375.151388 seconds.
  path: Assets/art/ab67616d0000b2731aebd1a7e4b81f84dade50ed.jpg
  artifactKey: Guid(57762cdcd5be368449a80688bc2ce711) Importer(815301076,1909f56bfc062723c751e8b465ee728b)
Start importing Assets/art/ab67616d0000b2731aebd1a7e4b81f84dade50ed.jpg using Guid(57762cdcd5be368449a80688bc2ce711) Importer(815301076,1909f56bfc062723c751e8b465ee728b) (PreviewImporter) -> (artifact id: '8cf7cd9b60c550e82d194353d1a15a2f') in 0.0242594 seconds
Number of updated asset objects reloaded before import = 0Number of asset objects unloaded after import = 2

========================================================================
Received Import Request.
  Time since last request: 86.671863 seconds.
  path: Assets/art/Tzalam-2.jpg
  artifactKey: Guid(378fc30391bab344db7109de9e3b754b) Importer(815301076,1909f56bfc062723c751e8b465ee728b)
Start importing Assets/art/Tzalam-2.jpg using Guid(378fc30391bab344db7109de9e3b754b) Importer(815301076,1909f56bfc062723c751e8b465ee728b) (PreviewImporter) -> (artifact id: '2cbba2ffc685492b5b9630a40c388193') in 0.0172394 seconds
Number of updated asset objects reloaded before import = 0Number of asset objects unloaded after import = 2

========================================================================
Received Import Request.
  Time since last request: 79.666409 seconds.
  path: Assets/art/premium_photo-1675818609791-f670ee74b81c.jpg
  artifactKey: Guid(58a438c28d325594fbd63c64f16c8160) Importer(815301076,1909f56bfc062723c751e8b465ee728b)
Start importing Assets/art/premium_photo-1675818609791-f670ee74b81c.jpg using Guid(58a438c28d325594fbd63c64f16c8160) Importer(815301076,1909f56bfc062723c751e8b465ee728b) (PreviewImporter) -> (artifact id: '6005da18554bd900d1c2fcfcda6b678e') in 0.0178325 seconds
Number of updated asset objects reloaded before import = 0Number of asset objects unloaded after import = 2

========================================================================
Received Import Request.
  Time since last request: 176.564539 seconds.
  path: Assets/art/hojas-spathiphyllum-cannifolium-abstracto-verde-textura-naturaleza-fondo-hoja-tropical_512343-268.jpg
  artifactKey: Guid(3c1efae7f28b038499755339bf4087cf) Importer(815301076,1909f56bfc062723c751e8b465ee728b)
Start importing Assets/art/hojas-spathiphyllum-cannifolium-abstracto-verde-textura-naturaleza-fondo-hoja-tropical_512343-268.jpg using Guid(3c1efae7f28b038499755339bf4087cf) Importer(815301076,1909f56bfc062723c751e8b465ee728b) (PreviewImporter) -> (artifact id: '4f6adcc1ce1db335c6303be8a7ca8cda') in 0.0011372 seconds
Number of updated asset objects reloaded before import = 0Number of asset objects unloaded after import = 1

========================================================================
Received Import Request.
  Time since last request: 49.421955 seconds.
  path: Assets/art/fotografia-completa-hojas-verdes_1048944-28634930.jpg
  artifactKey: Guid(bce3dbb2fd2bdcb44a2e2e185a785532) Importer(815301076,1909f56bfc062723c751e8b465ee728b)
Start importing Assets/art/fotografia-completa-hojas-verdes_1048944-28634930.jpg using Guid(bce3dbb2fd2bdcb44a2e2e185a785532) Importer(815301076,1909f56bfc062723c751e8b465ee728b) (PreviewImporter) -> (artifact id: '642c6ccc0d67834109a9860900bf5033') in 0.0007795 seconds
Number of updated asset objects reloaded before import = 0Number of asset objects unloaded after import = 1

========================================================================
Received Import Request.
  Time since last request: 43.381411 seconds.
  path: Assets/art/fotografia-completa-hojas-verdes_1048944-28634930 1.jpg
  artifactKey: Guid(177e91ce782a9ca4fbffe61862af2f8e) Importer(815301076,1909f56bfc062723c751e8b465ee728b)
Start importing Assets/art/fotografia-completa-hojas-verdes_1048944-28634930 1.jpg using Guid(177e91ce782a9ca4fbffe61862af2f8e) Importer(815301076,1909f56bfc062723c751e8b465ee728b) (PreviewImporter) -> (artifact id: '3749541e47978bef76581c3faa0e94b8') in 0.0007072 seconds
Number of updated asset objects reloaded before import = 0Number of asset objects unloaded after import = 1

========================================================================
Received Import Request.
  Time since last request: 74.343521 seconds.
  path: Assets/art/fotografia-completa-hojas-verdes_1048944-28634930.jpg
  artifactKey: Guid(bce3dbb2fd2bdcb44a2e2e185a785532) Importer(815301076,1909f56bfc062723c751e8b465ee728b)
Start importing Assets/art/fotografia-completa-hojas-verdes_1048944-28634930.jpg using Guid(bce3dbb2fd2bdcb44a2e2e185a785532) Importer(815301076,1909f56bfc062723c751e8b465ee728b) (PreviewImporter) -> (artifact id: '8b24f791ddf11493732ea1594c134342') in 0.0007232 seconds
Number of updated asset objects reloaded before import = 0Number of asset objects unloaded after import = 1

========================================================================
Received Import Request.
  Time since last request: 8.568725 seconds.
  path: Assets/art/fotografia-completa-hojas-verdes_1048944-28634930.jpg
  artifactKey: Guid(bce3dbb2fd2bdcb44a2e2e185a785532) Importer(815301076,1909f56bfc062723c751e8b465ee728b)
Start importing Assets/art/fotografia-completa-hojas-verdes_1048944-28634930.jpg using Guid(bce3dbb2fd2bdcb44a2e2e185a785532) Importer(815301076,1909f56bfc062723c751e8b465ee728b) (PreviewImporter) -> (artifact id: '41585270d020b8ab985b5ee2ef913e72') in 0.0006736 seconds
Number of updated asset objects reloaded before import = 0Number of asset objects unloaded after import = 1

========================================================================
Received Import Request.
  Time since last request: 4.071385 seconds.
  path: Assets/art/fotografia-completa-hojas-verdes_1048944-28634930.jpg
  artifactKey: Guid(bce3dbb2fd2bdcb44a2e2e185a785532) Importer(815301076,1909f56bfc062723c751e8b465ee728b)
Start importing Assets/art/fotografia-completa-hojas-verdes_1048944-28634930.jpg using Guid(bce3dbb2fd2bdcb44a2e2e185a785532) Importer(815301076,1909f56bfc062723c751e8b465ee728b) (PreviewImporter) -> (artifact id: '974f76d00e7b7a93dda1b873d3caab16') in 0.0007852 seconds
Number of updated asset objects reloaded before import = 0Number of asset objects unloaded after import = 1

========================================================================
Received Import Request.
  Time since last request: 34.833664 seconds.
  path: Assets/art/P.jpg
  artifactKey: Guid(bce3dbb2fd2bdcb44a2e2e185a785532) Importer(815301076,1909f56bfc062723c751e8b465ee728b)
Start importing Assets/art/P.jpg using Guid(bce3dbb2fd2bdcb44a2e2e185a785532) Importer(815301076,1909f56bfc062723c751e8b465ee728b) (PreviewImporter) -> (artifact id: 'e8f8df6d2363c110ab49df3530aafc62') in 0.000724 seconds
Number of updated asset objects reloaded before import = 0Number of asset objects unloaded after import = 1

